# JRE version: OpenJDK Runtime Environment Microsoft-12574423 (17.0.17+10) (build 17.0.17+10-LTS)
# Java VM: OpenJDK 64-Bit Server VM Microsoft-12574423 (17.0.17+10-LTS, mixed mode, sharing, tiered, compressed oops, compressed class ptrs, g1 gc, windows-amd64)
GC Precious Log:
 CPUs: 12 total, 12 available
 Memory: 16121M
 Large Page Support: Disabled
 NUMA Support: Disabled
 Compressed Oops: Enabled (Zero based)
 Heap Region Size: 2M
 Heap Min Capacity: 8M
 Heap Initial Capacity: 252M
 Heap Max Capacity: 4032M
 Pre-touch: Disabled
 Parallel Workers: 10
 Concurrent Workers: 3
 Concurrent Refinement Workers: 10
 Periodic GC: Disabled
Heap:
 garbage-first heap   total 485376K, used 295509K [0x0000000704000000, 0x0000000800000000)
  region size 2048K, 100 young (204800K), 2 survivors (4096K)
 Metaspace       used 83350K, committed 84096K, reserved 1179648K
  class space    used 11300K, committed 11648K, reserved 1048576K
GC Heap History (20 events):
Event: 5.447 GC heap before
{Heap before GC invocations=18 (full 0):
 garbage-first heap   total 108544K, used 78290K [0x0000000704000000, 0x0000000800000000)
  region size 2048K, 20 young (40960K), 3 survivors (6144K)
 Metaspace       used 65915K, committed 66496K, reserved 1114112K
  class space    used 9112K, committed 9408K, reserved 1048576K
}
Event: 5.451 GC heap after
{Heap after GC invocations=19 (full 0):
 garbage-first heap   total 108544K, used 46410K [0x0000000704000000, 0x0000000800000000)
  region size 2048K, 2 young (4096K), 2 survivors (4096K)
 Metaspace       used 65915K, committed 66496K, reserved 1114112K
  class space    used 9112K, committed 9408K, reserved 1048576K
}
Event: 5.510 GC heap before
{Heap before GC invocations=19 (full 0):
 garbage-first heap   total 108544K, used 79178K [0x0000000704000000, 0x0000000800000000)
  region size 2048K, 18 young (36864K), 2 survivors (4096K)
 Metaspace       used 66245K, committed 66816K, reserved 1114112K
  class space    used 9191K, committed 9472K, reserved 1048576K
}
Event: 5.515 GC heap after
{Heap after GC invocations=20 (full 0):
 garbage-first heap   total 108544K, used 55997K [0x0000000704000000, 0x0000000800000000)
  region size 2048K, 3 young (6144K), 3 survivors (6144K)
 Metaspace       used 66245K, committed 66816K, reserved 1114112K
  class space    used 9191K, committed 9472K, reserved 1048576K
}
Event: 5.543 GC heap before
{Heap before GC invocations=20 (full 0):
 garbage-first heap   total 108544K, used 80573K [0x0000000704000000, 0x0000000800000000)
  region size 2048K, 15 young (30720K), 3 survivors (6144K)
 Metaspace       used 66255K, committed 66816K, reserved 1114112K
  class space    used 9191K, committed 9472K, reserved 1048576K
}
Event: 5.548 GC heap after
{Heap after GC invocations=21 (full 0):
 garbage-first heap   total 108544K, used 63119K [0x0000000704000000, 0x0000000800000000)
  region size 2048K, 2 young (4096K), 2 survivors (4096K)
 Metaspace       used 66255K, committed 66816K, reserved 1114112K
  class space    used 9191K, committed 9472K, reserved 1048576K
}
Event: 5.575 GC heap before
{Heap before GC invocations=21 (full 0):
 garbage-first heap   total 108544K, used 79503K [0x0000000704000000, 0x0000000800000000)
  region size 2048K, 10 young (20480K), 2 survivors (4096K)
 Metaspace       used 66255K, committed 66816K, reserved 1114112K
  class space    used 9191K, committed 9472K, reserved 1048576K
}
Event: 5.578 GC heap after
{Heap after GC invocations=22 (full 0):
 garbage-first heap   total 204800K, used 68154K [0x0000000704000000, 0x0000000800000000)
  region size 2048K, 2 young (4096K), 2 survivors (4096K)
 Metaspace       used 66255K, committed 66816K, reserved 1114112K
  class space    used 9191K, committed 9472K, reserved 1048576K
}
Event: 5.694 GC heap before
{Heap before GC invocations=23 (full 0):
 garbage-first heap   total 204800K, used 143930K [0x0000000704000000, 0x0000000800000000)
  region size 2048K, 39 young (79872K), 2 survivors (4096K)
 Metaspace       used 66255K, committed 66816K, reserved 1114112K
  class space    used 9191K, committed 9472K, reserved 1048576K
}
Event: 5.704 GC heap after
{Heap after GC invocations=24 (full 0):
 garbage-first heap   total 204800K, used 90597K [0x0000000704000000, 0x0000000800000000)
  region size 2048K, 5 young (10240K), 5 survivors (10240K)
 Metaspace       used 66255K, committed 66816K, reserved 1114112K
  class space    used 9191K, committed 9472K, reserved 1048576K
}
Event: 5.786 GC heap before
{Heap before GC invocations=24 (full 0):
 garbage-first heap   total 204800K, used 145893K [0x0000000704000000, 0x0000000800000000)
  region size 2048K, 31 young (63488K), 5 survivors (10240K)
 Metaspace       used 66255K, committed 66816K, reserved 1114112K
  class space    used 9191K, committed 9472K, reserved 1048576K
}
Event: 5.796 GC heap after
{Heap after GC invocations=25 (full 0):
 garbage-first heap   total 204800K, used 108062K [0x0000000704000000, 0x0000000800000000)
  region size 2048K, 4 young (8192K), 4 survivors (8192K)
 Metaspace       used 66255K, committed 66816K, reserved 1114112K
  class space    used 9191K, committed 9472K, reserved 1048576K
}
Event: 5.842 GC heap before
{Heap before GC invocations=25 (full 0):
 garbage-first heap   total 204800K, used 151070K [0x0000000704000000, 0x0000000800000000)
  region size 2048K, 25 young (51200K), 4 survivors (8192K)
 Metaspace       used 66256K, committed 66816K, reserved 1114112K
  class space    used 9191K, committed 9472K, reserved 1048576K
}
Event: 5.848 GC heap after
{Heap after GC invocations=26 (full 0):
 garbage-first heap   total 204800K, used 111939K [0x0000000704000000, 0x0000000800000000)
  region size 2048K, 2 young (4096K), 2 survivors (4096K)
 Metaspace       used 66256K, committed 66816K, reserved 1114112K
  class space    used 9191K, committed 9472K, reserved 1048576K
}
Event: 5.965 GC heap before
{Heap before GC invocations=27 (full 0):
 garbage-first heap   total 245760K, used 148803K [0x0000000704000000, 0x0000000800000000)
  region size 2048K, 23 young (47104K), 2 survivors (4096K)
 Metaspace       used 67593K, committed 68160K, reserved 1114112K
  class space    used 9364K, committed 9664K, reserved 1048576K
}
Event: 5.968 GC heap after
{Heap after GC invocations=28 (full 0):
 garbage-first heap   total 245760K, used 107614K [0x0000000704000000, 0x0000000800000000)
  region size 2048K, 1 young (2048K), 1 survivors (2048K)
 Metaspace       used 67593K, committed 68160K, reserved 1114112K
  class space    used 9364K, committed 9664K, reserved 1048576K
}
Event: 5.992 GC heap before
{Heap before GC invocations=28 (full 0):
 garbage-first heap   total 245760K, used 117854K [0x0000000704000000, 0x0000000800000000)
  region size 2048K, 6 young (12288K), 1 survivors (2048K)
 Metaspace       used 67666K, committed 68224K, reserved 1114112K
  class space    used 9370K, committed 9664K, reserved 1048576K
}
Event: 5.995 GC heap after
{Heap after GC invocations=29 (full 0):
 garbage-first heap   total 245760K, used 95609K [0x0000000704000000, 0x0000000800000000)
  region size 2048K, 1 young (2048K), 1 survivors (2048K)
 Metaspace       used 67666K, committed 68224K, reserved 1114112K
  class space    used 9370K, committed 9664K, reserved 1048576K
}
Event: 6.206 GC heap before
{Heap before GC invocations=29 (full 0):
 garbage-first heap   total 245760K, used 177529K [0x0000000704000000, 0x0000000800000000)
  region size 2048K, 41 young (83968K), 1 survivors (2048K)
 Metaspace       used 68264K, committed 68864K, reserved 1114112K
  class space    used 9414K, committed 9664K, reserved 1048576K
}
Event: 6.208 GC heap after
{Heap after GC invocations=30 (full 0):
 garbage-first heap   total 485376K, used 96853K [0x0000000704000000, 0x0000000800000000)
  region size 2048K, 2 young (4096K), 2 survivors (4096K)
 Metaspace       used 68264K, committed 68864K, reserved 1114112K
  class space    used 9414K, committed 9664K, reserved 1048576K
}

